0 info it worked if it ends with ok
1 verbose cli [ '/Users/tamih/.nvm/versions/node/v5.0.0/bin/node',
1 verbose cli   '/Users/tamih/.nvm/versions/node/v5.0.0/bin/npm',
1 verbose cli   'run',
1 verbose cli   'start:dev' ]
2 info using npm@3.3.6
3 info using node@v5.0.0
4 verbose run-script [ 'prestart:dev', 'start:dev', 'poststart:dev' ]
5 info lifecycle react-starter@1.0.0~prestart:dev: react-starter@1.0.0
6 silly lifecycle react-starter@1.0.0~prestart:dev: no script for prestart:dev, continuing
7 info lifecycle react-starter@1.0.0~start:dev: react-starter@1.0.0
8 verbose lifecycle react-starter@1.0.0~start:dev: unsafe-perm in lifecycle true
9 verbose lifecycle react-starter@1.0.0~start:dev: PATH: /Users/tamih/.nvm/versions/node/v5.0.0/lib/node_modules/npm/bin/node-gyp-bin:/Users/tamih/Documents/projects/testes/movie-finder/node_modules/.bin:/Users/tamih/.nvm/versions/node/v5.0.0/bin:/usr/local/bin:/usr/bin:/bin:/usr/sbin:/sbin
10 verbose lifecycle react-starter@1.0.0~start:dev: CWD: /Users/tamih/Documents/projects/testes/movie-finder
11 silly lifecycle react-starter@1.0.0~start:dev: Args: [ '-c',
11 silly lifecycle   'webpack-dev-server --config webpack/client.dev.js --open' ]
12 silly lifecycle react-starter@1.0.0~start:dev: Returned: code: 1  signal: null
13 info lifecycle react-starter@1.0.0~start:dev: Failed to exec start:dev script
14 verbose stack Error: react-starter@1.0.0 start:dev: `webpack-dev-server --config webpack/client.dev.js --open`
14 verbose stack Exit status 1
14 verbose stack     at EventEmitter.<anonymous> (/Users/tamih/.nvm/versions/node/v5.0.0/lib/node_modules/npm/lib/utils/lifecycle.js:233:16)
14 verbose stack     at emitTwo (events.js:87:13)
14 verbose stack     at EventEmitter.emit (events.js:172:7)
14 verbose stack     at ChildProcess.<anonymous> (/Users/tamih/.nvm/versions/node/v5.0.0/lib/node_modules/npm/lib/utils/spawn.js:24:14)
14 verbose stack     at emitTwo (events.js:87:13)
14 verbose stack     at ChildProcess.emit (events.js:172:7)
14 verbose stack     at maybeClose (internal/child_process.js:818:16)
14 verbose stack     at Process.ChildProcess._handle.onexit (internal/child_process.js:211:5)
15 verbose pkgid react-starter@1.0.0
16 verbose cwd /Users/tamih/Documents/projects/testes/movie-finder
17 error Darwin 16.7.0
18 error argv "/Users/tamih/.nvm/versions/node/v5.0.0/bin/node" "/Users/tamih/.nvm/versions/node/v5.0.0/bin/npm" "run" "start:dev"
19 error node v5.0.0
20 error npm  v3.3.6
21 error code ELIFECYCLE
22 error react-starter@1.0.0 start:dev: `webpack-dev-server --config webpack/client.dev.js --open`
22 error Exit status 1
23 error Failed at the react-starter@1.0.0 start:dev script 'webpack-dev-server --config webpack/client.dev.js --open'.
23 error This is most likely a problem with the react-starter package,
23 error not with npm itself.
23 error Tell the author that this fails on your system:
23 error     webpack-dev-server --config webpack/client.dev.js --open
23 error You can get their info via:
23 error     npm owner ls react-starter
23 error There is likely additional logging output above.
24 verbose exit [ 1, true ]
